{"/workspace/pruebas_jest_test_js/app.js": {"path":"/workspace/pruebas_jest_test_js/app.js","statementMap":{"0":{"start":{"line":7,"column":12},"end":{"line":9,"column":1}},"1":{"start":{"line":8,"column":4},"end":{"line":8,"column":16}},"2":{"start":{"line":12,"column":0},"end":{"line":12,"column":21}},"3":{"start":{"line":17,"column":25},"end":{"line":22,"column":1}},"4":{"start":{"line":19,"column":24},"end":{"line":19,"column":41}},"5":{"start":{"line":21,"column":4},"end":{"line":21,"column":25}},"6":{"start":{"line":23,"column":24},"end":{"line":28,"column":1}},"7":{"start":{"line":25,"column":21},"end":{"line":25,"column":40}},"8":{"start":{"line":27,"column":4},"end":{"line":27,"column":22}},"9":{"start":{"line":30,"column":23},"end":{"line":35,"column":1}},"10":{"start":{"line":32,"column":23},"end":{"line":32,"column":40}},"11":{"start":{"line":34,"column":4},"end":{"line":34,"column":24}},"12":{"start":{"line":40,"column":0},"end":{"line":40,"column":76}}},"fnMap":{"0":{"name":"(anonymous_0)","decl":{"start":{"line":7,"column":12},"end":{"line":7,"column":13}},"loc":{"start":{"line":7,"column":21},"end":{"line":9,"column":1}},"line":7},"1":{"name":"(anonymous_1)","decl":{"start":{"line":17,"column":25},"end":{"line":17,"column":26}},"loc":{"start":{"line":17,"column":46},"end":{"line":22,"column":1}},"line":17},"2":{"name":"(anonymous_2)","decl":{"start":{"line":23,"column":24},"end":{"line":23,"column":25}},"loc":{"start":{"line":23,"column":45},"end":{"line":28,"column":1}},"line":23},"3":{"name":"(anonymous_3)","decl":{"start":{"line":30,"column":23},"end":{"line":30,"column":24}},"loc":{"start":{"line":30,"column":44},"end":{"line":35,"column":1}},"line":30}},"branchMap":{},"s":{"0":1,"1":2,"2":1,"3":1,"4":1,"5":1,"6":1,"7":1,"8":1,"9":1,"10":1,"11":1,"12":1},"f":{"0":2,"1":1,"2":1,"3":1},"b":{},"_coverageSchema":"43e27e138ebf9cfc5966b082cf9a028302ed4184","hash":"974373063889d0aa8905c19716bc76f52b753448"}
}
